#
# There is insufficient memory for the Java Runtime Environment to continue.
# Native memory allocation (malloc) failed to allocate 355696 bytes for Chunk::new
# Possible reasons:
#   The system is out of physical RAM or swap space
#   The process is running with CompressedOops enabled, and the Java Heap may be blocking the growth of the native heap
# Possible solutions:
#   Reduce memory load on the system
#   Increase physical memory or swap space
#   Check if swap backing store is full
#   Decrease Java heap size (-Xmx/-Xms)
#   Decrease number of Java threads
#   Decrease Java thread stack sizes (-Xss)
#   Set larger code cache with -XX:ReservedCodeCacheSize=
#   JVM is running with Unscaled Compressed Oops mode in which the Java heap is
#     placed in the first 4GB address space. The Java Heap base address is the
#     maximum limit for the native heap growth. Please use -XX:HeapBaseMinAddress
#     to set the Java Heap base and to place the Java Heap above 4GB virtual address.
# This output file may be truncated or incomplete.
#
#  Out of Memory Error (allocation.cpp:389), pid=8804, tid=0x0000000000004e20
#
# JRE version: OpenJDK Runtime Environment (8.0_202-b03) (build 1.8.0_202-release-1483-b03)
# Java VM: OpenJDK 64-Bit Server VM (25.202-b03 mixed mode windows-amd64 compressed oops)
# Failed to write core dump. Minidumps are not enabled by default on client versions of Windows
#

---------------  T H R E A D  ---------------

Current thread (0x00000000163ca800):  JavaThread "C2 CompilerThread1" daemon [_thread_in_native, id=20000, stack(0x0000000017e20000,0x0000000017f20000)]

Stack: [0x0000000017e20000,0x0000000017f20000]
[error occurred during error reporting (printing stack bounds), id 0xc0000005]

Native frames: (J=compiled Java code, j=interpreted, Vv=VM code, C=native code)


Current CompileTask:
C2:  17702 1431       4       java.net.URLClassLoader$1::run (5 bytes)


---------------  P R O C E S S  ---------------

Java Threads: ( => current thread )
  0x0000000019353000 JavaThread "Cache worker for journal cache (C:\Users\寮蹇濡瑰\.gradle\wrapper\dists\gradle-5.4.1-all\caches\journal-1)" [_thread_blocked, id=4128, stack(0x000000001acc0000,0x000000001adc0000)]
  0x0000000019350000 JavaThread "File lock request listener" [_thread_in_native, id=18636, stack(0x000000001abc0000,0x000000001acc0000)]
  0x0000000019351800 JavaThread "Cache worker for file hash cache (C:\Users\寮蹇濡瑰\.gradle\wrapper\dists\gradle-5.4.1-all\caches\5.4.1\fileHashes)" [_thread_blocked, id=2772, stack(0x000000001a8c0000,0x000000001a9c0000)]
  0x0000000017916800 JavaThread "Thread-9" [_thread_blocked, id=6028, stack(0x000000001a7c0000,0x000000001a8c0000)]
  0x000000001794e000 JavaThread "Stdin handler" [_thread_blocked, id=4672, stack(0x000000001a6c0000,0x000000001a7c0000)]
  0x000000001794d000 JavaThread "Asynchronous log dispatcher for DefaultDaemonConnection: socket connection from /127.0.0.1:64378 to /127.0.0.1:64379" [_thread_blocked, id=10844, stack(0x000000001a5c0000,0x000000001a6c0000)]
  0x0000000017947000 JavaThread "Daemon worker" [_thread_in_Java, id=21644, stack(0x000000001a4c0000,0x000000001a5c0000)]
  0x0000000018597800 JavaThread "Cancel handler" [_thread_blocked, id=20596, stack(0x000000001a3c0000,0x000000001a4c0000)]
  0x000000001955f000 JavaThread "Handler for socket connection from /127.0.0.1:64378 to /127.0.0.1:64379" [_thread_in_native, id=3500, stack(0x000000001a0c0000,0x000000001a1c0000)]
  0x000000001955c800 JavaThread "Daemon" [_thread_blocked, id=23056, stack(0x0000000019fc0000,0x000000001a0c0000)]
  0x0000000019547800 JavaThread "Daemon periodic checks" [_thread_blocked, id=21756, stack(0x0000000019ec0000,0x0000000019fc0000)]
  0x0000000018957000 JavaThread "Incoming local TCP Connector on port 64378" [_thread_in_native, id=19644, stack(0x0000000019d10000,0x0000000019e10000)]
  0x00000000183af000 JavaThread "Daemon health stats" [_thread_blocked, id=14384, stack(0x00000000199f0000,0x0000000019af0000)]
  0x00000000177ab000 JavaThread "Service Thread" daemon [_thread_blocked, id=11128, stack(0x0000000018020000,0x0000000018120000)]
  0x00000000163ce000 JavaThread "C1 CompilerThread2" daemon [_thread_blocked, id=22040, stack(0x0000000017f20000,0x0000000018020000)]
=>0x00000000163ca800 JavaThread "C2 CompilerThread1" daemon [_thread_in_native, id=20000, stack(0x0000000017e20000,0x0000000017f20000)]
  0x00000000163c6800 JavaThread "C2 CompilerThread0" daemon [_thread_in_native, id=22660, stack(0x0000000017d20000,0x0000000017e20000)]
  0x000000001637f000 JavaThread "Attach Listener" daemon [_thread_blocked, id=15536, stack(0x0000000017c20000,0x0000000017d20000)]
  0x0000000016366000 JavaThread "Signal Dispatcher" daemon [_thread_blocked, id=9072, stack(0x0000000017b20000,0x0000000017c20000)]
  0x00000000029d9800 JavaThread "Finalizer" daemon [_thread_blocked, id=9600, stack(0x00000000175c0000,0x00000000176c0000)]
  0x00000000029d1000 JavaThread "Reference Handler" daemon [_thread_blocked, id=780, stack(0x00000000174c0000,0x00000000175c0000)]
  0x000000000083e000 JavaThread "main" [_thread_blocked, id=15776, stack(0x00000000027e0000,0x00000000028e0000)]

Other Threads:
  0x0000000016336800 VMThread [stack: 0x00000000173c0000,0x00000000174c0000] [id=14328]
  0x000000001775d000 WatcherThread [stack: 0x0000000018120000,0x0000000018220000] [id=6040]

VM state:not at safepoint (normal execution)

VM Mutex/Monitor currently owned by a thread: None

heap address: 0x00000000a0000000, size: 1536 MB, Compressed Oops mode: 32-bit
Narrow klass base: 0x0000000000000000, Narrow klass shift: 3
Compressed class space size: 1073741824 Address: 0x0000000100000000

Heap:
 PSYoungGen      total 37376K, used 15519K [0x00000000e0000000, 0x00000000e2b00000, 0x0000000100000000)
  eden space 32256K, 33% used [0x00000000e0000000,0x00000000e0a843b8,0x00000000e1f80000)
  from space 5120K, 92% used [0x00000000e2500000,0x00000000e29a3a80,0x00000000e2a00000)
  to   space 5632K, 0% used [0x00000000e1f80000,0x00000000e1f80000,0x00000000e2500000)
 ParOldGen       total 44032K, used 6033K [0x00000000a0000000, 0x00000000a2b00000, 0x00000000e0000000)
  object space 44032K, 13% used [0x00000000a0000000,0x00000000a05e4640,0x00000000a2b00000)
 Metaspace       used 14768K, capacity 15152K, committed 15360K, reserved 1062912K
  class space    used 2082K, capacity 2196K, committed 2304K, reserved 1048576K

Card table byte_map: [0x0000000011da0000,0x00000000120b0000] byte_map_base: 0x00000000118a0000

Marking Bits: (ParMarkBitMap*) 0x0000000064b29f30
 Begin Bits: [0x00000000126b0000, 0x0000000013eb0000)
 End Bits:   [0x0000000013eb0000, 0x00000000156b0000)

Polling page: 0x00000000008b0000

CodeCache: size=245760Kb used=5326Kb max_used=5339Kb free=240433Kb
 bounds [0x00000000029e0000, 0x0000000002f20000, 0x00000000119e0000]
 total_blobs=1867 nmethods=1482 adapters=298
 compilation: enabled

Compilation events (10 events):
Event: 17.679 Thread 0x00000000163ce000 1471       3       java.lang.Class::isAnnotation (17 bytes)
Event: 17.679 Thread 0x00000000163ce000 nmethod 1471 0x0000000002f0a590 code [0x0000000002f0a700, 0x0000000002f0a968]
Event: 17.681 Thread 0x00000000163ce000 1473       3       sun.reflect.ReflectionFactory::checkInitted (19 bytes)
Event: 17.681 Thread 0x00000000163ce000 nmethod 1473 0x0000000002f0aa10 code [0x0000000002f0ab80, 0x0000000002f0ae48]
Event: 17.681 Thread 0x00000000163ce000 1474       3       sun.reflect.MethodAccessorImpl::<init> (5 bytes)
Event: 17.681 Thread 0x00000000163ce000 nmethod 1474 0x0000000002f0af50 code [0x0000000002f0b0c0, 0x0000000002f0b2d0]
Event: 17.681 Thread 0x00000000163ce000 1472       1       java.lang.reflect.Method::getMethodAccessor (5 bytes)
Event: 17.681 Thread 0x00000000163ce000 nmethod 1472 0x0000000002f0b390 code [0x0000000002f0b4e0, 0x0000000002f0b5f0]
Event: 17.682 Thread 0x00000000163ce000 1475       3       org.gradle.internal.service.DefaultServiceRegistry$CompositeServiceProvider::getService (49 bytes)
Event: 17.682 Thread 0x00000000163ce000 nmethod 1475 0x0000000002f0b990 code [0x0000000002f0bb00, 0x0000000002f0be48]

GC Heap History (10 events):
Event: 2.516 GC heap before
{Heap before GC invocations=2 (full 0):
 PSYoungGen      total 18944K, used 18929K [0x00000000e0000000, 0x00000000e1500000, 0x0000000100000000)
  eden space 16384K, 100% used [0x00000000e0000000,0x00000000e1000000,0x00000000e1000000)
  from space 2560K, 99% used [0x00000000e1000000,0x00000000e127c768,0x00000000e1280000)
  to   space 2560K, 0% used [0x00000000e1280000,0x00000000e1280000,0x00000000e1500000)
 ParOldGen       total 44032K, used 639K [0x00000000a0000000, 0x00000000a2b00000, 0x00000000e0000000)
  object space 44032K, 1% used [0x00000000a0000000,0x00000000a009fcb0,0x00000000a2b00000)
 Metaspace       used 7053K, capacity 7322K, committed 7680K, reserved 1056768K
  class space    used 851K, capacity 910K, committed 1024K, reserved 1048576K
Event: 2.529 GC heap after
Heap after GC invocations=2 (full 0):
 PSYoungGen      total 18944K, used 2552K [0x00000000e0000000, 0x00000000e2500000, 0x0000000100000000)
  eden space 16384K, 0% used [0x00000000e0000000,0x00000000e0000000,0x00000000e1000000)
  from space 2560K, 99% used [0x00000000e1280000,0x00000000e14fe010,0x00000000e1500000)
  to   space 2560K, 0% used [0x00000000e1000000,0x00000000e1000000,0x00000000e1280000)
 ParOldGen       total 44032K, used 1131K [0x00000000a0000000, 0x00000000a2b00000, 0x00000000e0000000)
  object space 44032K, 2% used [0x00000000a0000000,0x00000000a011aed0,0x00000000a2b00000)
 Metaspace       used 7053K, capacity 7322K, committed 7680K, reserved 1056768K
  class space    used 851K, capacity 910K, committed 1024K, reserved 1048576K
}
Event: 3.169 GC heap before
{Heap before GC invocations=3 (full 0):
 PSYoungGen      total 18944K, used 18936K [0x00000000e0000000, 0x00000000e2500000, 0x0000000100000000)
  eden space 16384K, 100% used [0x00000000e0000000,0x00000000e1000000,0x00000000e1000000)
  from space 2560K, 99% used [0x00000000e1280000,0x00000000e14fe010,0x00000000e1500000)
  to   space 2560K, 0% used [0x00000000e1000000,0x00000000e1000000,0x00000000e1280000)
 ParOldGen       total 44032K, used 1131K [0x00000000a0000000, 0x00000000a2b00000, 0x00000000e0000000)
  object space 44032K, 2% used [0x00000000a0000000,0x00000000a011aed0,0x00000000a2b00000)
 Metaspace       used 7438K, capacity 7764K, committed 7936K, reserved 1056768K
  class space    used 930K, capacity 1015K, committed 1024K, reserved 1048576K
Event: 3.179 GC heap after
Heap after GC invocations=3 (full 0):
 PSYoungGen      total 18944K, used 2552K [0x00000000e0000000, 0x00000000e2500000, 0x0000000100000000)
  eden space 16384K, 0% used [0x00000000e0000000,0x00000000e0000000,0x00000000e1000000)
  from space 2560K, 99% used [0x00000000e1000000,0x00000000e127e030,0x00000000e1280000)
  to   space 2560K, 0% used [0x00000000e2280000,0x00000000e2280000,0x00000000e2500000)
 ParOldGen       total 44032K, used 1943K [0x00000000a0000000, 0x00000000a2b00000, 0x00000000e0000000)
  object space 44032K, 4% used [0x00000000a0000000,0x00000000a01e5d00,0x00000000a2b00000)
 Metaspace       used 7438K, capacity 7764K, committed 7936K, reserved 1056768K
  class space    used 930K, capacity 1015K, committed 1024K, reserved 1048576K
}
Event: 13.450 GC heap before
{Heap before GC invocations=4 (full 0):
 PSYoungGen      total 18944K, used 18936K [0x00000000e0000000, 0x00000000e2500000, 0x0000000100000000)
  eden space 16384K, 100% used [0x00000000e0000000,0x00000000e1000000,0x00000000e1000000)
  from space 2560K, 99% used [0x00000000e1000000,0x00000000e127e030,0x00000000e1280000)
  to   space 2560K, 0% used [0x00000000e2280000,0x00000000e2280000,0x00000000e2500000)
 ParOldGen       total 44032K, used 1943K [0x00000000a0000000, 0x00000000a2b00000, 0x00000000e0000000)
  object space 44032K, 4% used [0x00000000a0000000,0x00000000a01e5d00,0x00000000a2b00000)
 Metaspace       used 10783K, capacity 11120K, committed 11264K, reserved 1058816K
  class space    used 1415K, capacity 1490K, committed 1536K, reserved 1048576K
Event: 13.467 GC heap after
Heap after GC invocations=4 (full 0):
 PSYoungGen      total 18944K, used 2536K [0x00000000e0000000, 0x00000000e2500000, 0x0000000100000000)
  eden space 16384K, 0% used [0x00000000e0000000,0x00000000e0000000,0x00000000e1000000)
  from space 2560K, 99% used [0x00000000e2280000,0x00000000e24fa040,0x00000000e2500000)
  to   space 2560K, 0% used [0x00000000e1000000,0x00000000e1000000,0x00000000e1280000)
 ParOldGen       total 44032K, used 4338K [0x00000000a0000000, 0x00000000a2b00000, 0x00000000e0000000)
  object space 44032K, 9% used [0x00000000a0000000,0x00000000a043ca80,0x00000000a2b00000)
 Metaspace       used 10783K, capacity 11120K, committed 11264K, reserved 1058816K
  class space    used 1415K, capacity 1490K, committed 1536K, reserved 1048576K
}
Event: 16.587 GC heap before
{Heap before GC invocations=5 (full 0):
 PSYoungGen      total 18944K, used 18920K [0x00000000e0000000, 0x00000000e2500000, 0x0000000100000000)
  eden space 16384K, 100% used [0x00000000e0000000,0x00000000e1000000,0x00000000e1000000)
  from space 2560K, 99% used [0x00000000e2280000,0x00000000e24fa040,0x00000000e2500000)
  to   space 2560K, 0% used [0x00000000e1000000,0x00000000e1000000,0x00000000e1280000)
 ParOldGen       total 44032K, used 4338K [0x00000000a0000000, 0x00000000a2b00000, 0x00000000e0000000)
  object space 44032K, 9% used [0x00000000a0000000,0x00000000a043ca80,0x00000000a2b00000)
 Metaspace       used 12678K, capacity 13062K, committed 13184K, reserved 1060864K
  class space    used 1722K, capacity 1839K, committed 1920K, reserved 1048576K
Event: 16.625 GC heap after
Heap after GC invocations=5 (full 0):
 PSYoungGen      total 18944K, used 2552K [0x00000000e0000000, 0x00000000e2a00000, 0x0000000100000000)
  eden space 16384K, 0% used [0x00000000e0000000,0x00000000e0000000,0x00000000e1000000)
  from space 2560K, 99% used [0x00000000e1000000,0x00000000e127e030,0x00000000e1280000)
  to   space 5120K, 0% used [0x00000000e2500000,0x00000000e2500000,0x00000000e2a00000)
 ParOldGen       total 44032K, used 6033K [0x00000000a0000000, 0x00000000a2b00000, 0x00000000e0000000)
  object space 44032K, 13% used [0x00000000a0000000,0x00000000a05e4640,0x00000000a2b00000)
 Metaspace       used 12678K, capacity 13062K, committed 13184K, reserved 1060864K
  class space    used 1722K, capacity 1839K, committed 1920K, reserved 1048576K
}
Event: 17.388 GC heap before
{Heap before GC invocations=6 (full 0):
 PSYoungGen      total 18944K, used 18936K [0x00000000e0000000, 0x00000000e2a00000, 0x0000000100000000)
  eden space 16384K, 100% used [0x00000000e0000000,0x00000000e1000000,0x00000000e1000000)
  from space 2560K, 99% used [0x00000000e1000000,0x00000000e127e030,0x00000000e1280000)
  to   space 5120K, 0% used [0x00000000e2500000,0x00000000e2500000,0x00000000e2a00000)
 ParOldGen       total 44032K, used 6033K [0x00000000a0000000, 0x00000000a2b00000, 0x00000000e0000000)
  object space 44032K, 13% used [0x00000000a0000000,0x00000000a05e4640,0x00000000a2b00000)
 Metaspace       used 14314K, capacity 14734K, committed 14976K, reserved 1062912K
  class space    used 1988K, capacity 2099K, committed 2176K, reserved 1048576K
Event: 17.398 GC heap after
Heap after GC invocations=6 (full 0):
 PSYoungGen      total 37376K, used 4750K [0x00000000e0000000, 0x00000000e2b00000, 0x0000000100000000)
  eden space 32256K, 0% used [0x00000000e0000000,0x00000000e0000000,0x00000000e1f80000)
  from space 5120K, 92% used [0x00000000e2500000,0x00000000e29a3a80,0x00000000e2a00000)
  to   space 5632K, 0% used [0x00000000e1f80000,0x00000000e1f80000,0x00000000e2500000)
 ParOldGen       total 44032K, used 6033K [0x00000000a0000000, 0x00000000a2b00000, 0x00000000e0000000)
  object space 44032K, 13% used [0x00000000a0000000,0x00000000a05e4640,0x00000000a2b00000)
 Metaspace       used 14314K, capacity 14734K, committed 14976K, reserved 1062912K
  class space    used 1988K, capacity 2099K, committed 2176K, reserved 1048576K
}

Deoptimization events (10 events):
Event: 15.226 Thread 0x000000001955f000 Uncommon trap: reason=unstable_if action=reinterpret pc=0x0000000002db8930 method=java.util.concurrent.ConcurrentHashMap.putVal(Ljava/lang/Object;Ljava/lang/Object;Z)Ljava/lang/Object; @ 206
Event: 15.734 Thread 0x0000000017947000 Uncommon trap: reason=unstable_if action=reinterpret pc=0x0000000002e1d7ac method=sun.nio.cs.ext.DoubleByte$Encoder.encodeArrayLoop(Ljava/nio/CharBuffer;Ljava/nio/ByteBuffer;)Ljava/nio/charset/CoderResult; @ 218
Event: 15.791 Thread 0x0000000017947000 Uncommon trap: reason=bimorphic action=maybe_recompile pc=0x0000000002dbe0b0 method=java.util.HashMap.putVal(ILjava/lang/Object;Ljava/lang/Object;ZZ)Ljava/lang/Object; @ 253
Event: 15.791 Thread 0x0000000017947000 Uncommon trap: reason=bimorphic action=maybe_recompile pc=0x0000000002dbe0b0 method=java.util.HashMap.putVal(ILjava/lang/Object;Ljava/lang/Object;ZZ)Ljava/lang/Object; @ 253
Event: 15.792 Thread 0x0000000017947000 Uncommon trap: reason=bimorphic action=maybe_recompile pc=0x0000000002dbe0b0 method=java.util.HashMap.putVal(ILjava/lang/Object;Ljava/lang/Object;ZZ)Ljava/lang/Object; @ 253
Event: 15.792 Thread 0x0000000017947000 Uncommon trap: reason=bimorphic action=maybe_recompile pc=0x0000000002dbe0b0 method=java.util.HashMap.putVal(ILjava/lang/Object;Ljava/lang/Object;ZZ)Ljava/lang/Object; @ 253
Event: 17.019 Thread 0x0000000017947000 Uncommon trap: reason=class_check action=maybe_recompile pc=0x0000000002cc3918 method=java.util.regex.Matcher.match(II)Z @ 86
Event: 17.068 Thread 0x0000000017947000 Uncommon trap: reason=class_check action=maybe_recompile pc=0x0000000002cc3918 method=java.util.regex.Matcher.match(II)Z @ 86
Event: 17.070 Thread 0x0000000017947000 Uncommon trap: reason=class_check action=maybe_recompile pc=0x0000000002cc3918 method=java.util.regex.Matcher.match(II)Z @ 86
Event: 17.072 Thread 0x0000000017947000 Uncommon trap: reason=class_check action=maybe_recompile pc=0x0000000002c880dc method=java.util.regex.Matcher.match(II)Z @ 86

Classes redefined (0 events):
No events

Internal exceptions (10 events):
Event: 15.243 Thread 0x000000001955f000 Exception <a 'java/lang/NoSuchMethodError': <clinit>> (0x00000000e0217638) thrown at [D:\src\AOSP-openjdk-cygwin\jdk8u\hotspot\src\share\vm\prims\jni.cpp, line 1614]
Event: 15.257 Thread 0x000000001955f000 Exception <a 'java/lang/NoSuchMethodError': <clinit>> (0x00000000e022a858) thrown at [D:\src\AOSP-openjdk-cygwin\jdk8u\hotspot\src\share\vm\prims\jni.cpp, line 1614]
Event: 15.267 Thread 0x000000001955f000 Exception <a 'java/lang/NoSuchMethodError': <clinit>> (0x00000000e0251880) thrown at [D:\src\AOSP-openjdk-cygwin\jdk8u\hotspot\src\share\vm\prims\jni.cpp, line 1614]
Event: 15.273 Thread 0x000000001955f000 Exception <a 'java/lang/NoSuchMethodError': <clinit>> (0x00000000e02694c0) thrown at [D:\src\AOSP-openjdk-cygwin\jdk8u\hotspot\src\share\vm\prims\jni.cpp, line 1614]
Event: 15.275 Thread 0x000000001955f000 Exception <a 'java/lang/NoSuchMethodError': <clinit>> (0x00000000e0272150) thrown at [D:\src\AOSP-openjdk-cygwin\jdk8u\hotspot\src\share\vm\prims\jni.cpp, line 1614]
Event: 15.279 Thread 0x000000001955f000 Exception <a 'java/lang/NoSuchMethodError': <clinit>> (0x00000000e02882d8) thrown at [D:\src\AOSP-openjdk-cygwin\jdk8u\hotspot\src\share\vm\prims\jni.cpp, line 1614]
Event: 15.354 Thread 0x000000001955f000 Exception <a 'java/lang/NoSuchMethodError': <clinit>> (0x00000000e02e4848) thrown at [D:\src\AOSP-openjdk-cygwin\jdk8u\hotspot\src\share\vm\prims\jni.cpp, line 1614]
Event: 15.368 Thread 0x000000001955f000 Exception <a 'java/lang/NoSuchMethodError': <clinit>> (0x00000000e0311800) thrown at [D:\src\AOSP-openjdk-cygwin\jdk8u\hotspot\src\share\vm\prims\jni.cpp, line 1614]
Event: 15.380 Thread 0x000000001955f000 Exception <a 'java/lang/NoSuchMethodError': <clinit>> (0x00000000e033edf0) thrown at [D:\src\AOSP-openjdk-cygwin\jdk8u\hotspot\src\share\vm\prims\jni.cpp, line 1614]
Event: 15.432 Thread 0x000000001955f000 Exception <a 'java/lang/NoSuchMethodError': <clinit>> (0x00000000e034a1f8) thrown at [D:\src\AOSP-openjdk-cygwin\jdk8u\hotspot\src\share\vm\prims\jni.cpp, line 1614]

Events (10 events):
Event: 17.687 loading class org/gradle/api/internal/changedetection/state/RegularFileHasher
Event: 17.687 loading class org/gradle/api/internal/changedetection/state/RegularFileHasher done
Event: 17.688 loading class org/gradle/api/internal/changedetection/state/DefaultWellKnownFileLocations
Event: 17.688 loading class org/gradle/api/internal/changedetection/state/DefaultWellKnownFileLocations done
Event: 17.688 loading class org/gradle/internal/file/DefaultFileHierarchySet
Event: 17.688 loading class org/gradle/internal/file/DefaultFileHierarchySet done
Event: 17.690 loading class org/gradle/internal/file/FileHierarchySet
Event: 17.690 loading class org/gradle/internal/file/FileHierarchySet done
Event: 17.690 loading class org/gradle/internal/file/DefaultFileHierarchySet$EmptyFileHierarchySet
Event: 17.690 loading class org/gradle/internal/file/DefaultFileHierarchySet$EmptyFileHierarchySet done


Dynamic libraries:
0x00007ff6011c0000 - 0x00007ff6011f1000 	E:\AndroidStudio\jre\bin\java.exe
0x00007ffac3580000 - 0x00007ffac3770000 	C:\WINDOWS\SYSTEM32\ntdll.dll
0x00007ffac29f0000 - 0x00007ffac2aa2000 	C:\WINDOWS\System32\KERNEL32.DLL
0x00007ffac0fe0000 - 0x00007ffac1285000 	C:\WINDOWS\System32\KERNELBASE.dll
0x00007ffac2710000 - 0x00007ffac27b3000 	C:\WINDOWS\System32\ADVAPI32.dll
0x00007ffac1f10000 - 0x00007ffac1fae000 	C:\WINDOWS\System32\msvcrt.dll
0x00007ffac34a0000 - 0x00007ffac3537000 	C:\WINDOWS\System32\sechost.dll
0x00007ffac32b0000 - 0x00007ffac33d0000 	C:\WINDOWS\System32\RPCRT4.dll
0x00007ffac2850000 - 0x00007ffac29e4000 	C:\WINDOWS\System32\USER32.dll
0x00007ffac13e0000 - 0x00007ffac1401000 	C:\WINDOWS\System32\win32u.dll
0x00007ffac1ee0000 - 0x00007ffac1f06000 	C:\WINDOWS\System32\GDI32.dll
0x00007ffac0560000 - 0x00007ffac06f6000 	C:\WINDOWS\System32\gdi32full.dll
0x00007ffac1590000 - 0x00007ffac162e000 	C:\WINDOWS\System32\msvcp_win.dll
0x00007ffac0ee0000 - 0x00007ffac0fda000 	C:\WINDOWS\System32\ucrtbase.dll
0x00007ffaa45b0000 - 0x00007ffaa4834000 	C:\WINDOWS\WinSxS\amd64_microsoft.windows.common-controls_6595b64144ccf1df_6.0.18362.1198_none_9e820b57e45ad92f\COMCTL32.dll
0x00007ffac2e40000 - 0x00007ffac3175000 	C:\WINDOWS\System32\combase.dll
0x00007ffac1460000 - 0x00007ffac14e0000 	C:\WINDOWS\System32\bcryptPrimitives.dll
0x00007ffac2ab0000 - 0x00007ffac2ade000 	C:\WINDOWS\System32\IMM32.DLL
0x0000000064fd0000 - 0x00000000650a2000 	E:\AndroidStudio\jre\jre\bin\msvcr100.dll
0x0000000064360000 - 0x0000000064ba6000 	E:\AndroidStudio\jre\jre\bin\server\jvm.dll
0x00007ffac3180000 - 0x00007ffac3188000 	C:\WINDOWS\System32\PSAPI.DLL
0x00007ffab78c0000 - 0x00007ffab78c9000 	C:\WINDOWS\SYSTEM32\WSOCK32.dll
0x00007ffab71a0000 - 0x00007ffab71c4000 	C:\WINDOWS\SYSTEM32\WINMM.dll
0x00007ffac3190000 - 0x00007ffac31ff000 	C:\WINDOWS\System32\WS2_32.dll
0x00007ffab7170000 - 0x00007ffab719d000 	C:\WINDOWS\SYSTEM32\WINMMBASE.dll
0x00007ffabffb0000 - 0x00007ffabffba000 	C:\WINDOWS\SYSTEM32\VERSION.dll
0x00007ffac1410000 - 0x00007ffac145a000 	C:\WINDOWS\System32\cfgmgr32.dll
0x00007ffabe1d0000 - 0x00007ffabe1df000 	E:\AndroidStudio\jre\jre\bin\verify.dll
0x00007ffab38f0000 - 0x00007ffab3919000 	E:\AndroidStudio\jre\jre\bin\java.dll
0x00007ffabdfe0000 - 0x00007ffabdff6000 	E:\AndroidStudio\jre\jre\bin\zip.dll
0x00007ffac2020000 - 0x00007ffac2707000 	C:\WINDOWS\System32\SHELL32.dll
0x00007ffac2cc0000 - 0x00007ffac2d69000 	C:\WINDOWS\System32\shcore.dll
0x00007ffac0720000 - 0x00007ffac0ea1000 	C:\WINDOWS\System32\windows.storage.dll
0x00007ffac04b0000 - 0x00007ffac04d3000 	C:\WINDOWS\System32\profapi.dll
0x00007ffac0460000 - 0x00007ffac04aa000 	C:\WINDOWS\System32\powrprof.dll
0x00007ffac0430000 - 0x00007ffac0440000 	C:\WINDOWS\System32\UMPDC.dll
0x00007ffac2dd0000 - 0x00007ffac2e22000 	C:\WINDOWS\System32\shlwapi.dll
0x00007ffac04e0000 - 0x00007ffac04f1000 	C:\WINDOWS\System32\kernel.appcore.dll
0x00007ffac0700000 - 0x00007ffac0717000 	C:\WINDOWS\System32\cryptsp.dll
0x00007ffabdfa0000 - 0x00007ffabdfba000 	E:\AndroidStudio\jre\jre\bin\net.dll
0x00007ffabfbb0000 - 0x00007ffabfc17000 	C:\WINDOWS\system32\mswsock.dll
0x00007ffaa1ea0000 - 0x00007ffaa1eb1000 	E:\AndroidStudio\jre\jre\bin\nio.dll
0x00007ffab3960000 - 0x00007ffab3986000 	C:\Users\开心妹妹\.gradle\wrapper\dists\gradle-5.4.1-all\native\29\windows-amd64\native-platform.dll
0x00007ffabde90000 - 0x00007ffabde9d000 	E:\AndroidStudio\jre\jre\bin\management.dll
0x00007ffabf720000 - 0x00007ffabf753000 	C:\WINDOWS\system32\rsaenh.dll
0x00007ffac0eb0000 - 0x00007ffac0ed6000 	C:\WINDOWS\System32\bcrypt.dll
0x00007ffac0350000 - 0x00007ffac0375000 	C:\WINDOWS\SYSTEM32\USERENV.dll
0x00007ffabfd80000 - 0x00007ffabfd8c000 	C:\WINDOWS\SYSTEM32\CRYPTBASE.dll
0x00007ffabf8c0000 - 0x00007ffabf8fa000 	C:\WINDOWS\SYSTEM32\IPHLPAPI.DLL
0x00007ffac2e30000 - 0x00007ffac2e38000 	C:\WINDOWS\System32\NSI.dll
0x00007ffab91b0000 - 0x00007ffab91c6000 	C:\WINDOWS\SYSTEM32\dhcpcsvc6.DLL
0x00007ffab94f0000 - 0x00007ffab950c000 	C:\WINDOWS\SYSTEM32\dhcpcsvc.DLL
0x00007ffabf900000 - 0x00007ffabf9cb000 	C:\WINDOWS\SYSTEM32\DNSAPI.dll

VM Arguments:
jvm_args: -Xmx1536m -Dfile.encoding=GBK -Duser.country=CN -Duser.language=zh -Duser.variant 
java_command: org.gradle.launcher.daemon.bootstrap.GradleDaemon 5.4.1
java_class_path (initial): E:\AndroidStudio\.gradle\gradle-5.4.1\lib\gradle-launcher-5.4.1.jar
Launcher Type: SUN_STANDARD

Environment Variables:
JAVA_HOME=C:\Program Files\Java\jdk1.8.0_191
CLASSPATH=.;E:\apache-tomcat-9.0.26-windows-x64\apache-tomcat-9.0.26\lib\servlet-api.jar
PATH=C:\Program Files\Java\jdk1.8.0_191\bin;C:\WINDOWS\system32;C:\WINDOWS;C:\WINDOWS\System32\Wbem;C:\Program Files\Java\jdk1.8.0_191;E:\Python;C:\Program Files\Java\jdk1.8.0_191\jre\bin;C:\Program Files\Java\jdk1.8.0_191\bin;C:\WINDOWS\System32\WindowsPowerShell\v1.0\;E:\MYSQL\mysql-8.0.20-winx64\bin;E:\AndroidStudio\.gradle\gradle-5.4.1\bin;E:\AndroidSDK\tools;E:\AndroidSDK\platform-tools;E:\VisualSVN Server\bin;E:\TortoiseSVN\bin;%MAVEN_HOME%\bin;
USERNAME=开心妹妹
OS=Windows_NT
PROCESSOR_IDENTIFIER=Intel64 Family 6 Model 142 Stepping 9, GenuineIntel



---------------  S Y S T E M  ---------------

OS: Windows 10.0 , 64 bit Build 18362 (10.0.18362.1110)

CPU:total 4 (initial active 4) (2 cores per cpu, 2 threads per core) family 6 model 142 stepping 9, cmov, cx8, fxsr, mmx, sse, sse2, sse3, ssse3, sse4.1, sse4.2, popcnt, avx, avx2, aes, clmul, erms, 3dnowpref, lzcnt, ht, tsc, tscinvbit, bmi1, bmi2, adx

Memory: 4k page, physical 4101348k(246668k free), swap 9323616k(3856k free)

vm_info: OpenJDK 64-Bit Server VM (25.202-b03) for windows-amd64 JRE (1.8.0_202-release-1483-b03), built by "builder" with MS VC++ 10.0 (VS2010)

time: Mon Nov 30 19:48:31 2020
timezone: 中国标准时间
elapsed time: 17 seconds (0d 0h 0m 17s)

