#
# There is insufficient memory for the Java Runtime Environment to continue.
# Native memory allocation (malloc) failed to allocate 529136 bytes for Chunk::new
# Possible reasons:
#   The system is out of physical RAM or swap space
#   The process is running with CompressedOops enabled, and the Java Heap may be blocking the growth of the native heap
# Possible solutions:
#   Reduce memory load on the system
#   Increase physical memory or swap space
#   Check if swap backing store is full
#   Decrease Java heap size (-Xmx/-Xms)
#   Decrease number of Java threads
#   Decrease Java thread stack sizes (-Xss)
#   Set larger code cache with -XX:ReservedCodeCacheSize=
#   JVM is running with Unscaled Compressed Oops mode in which the Java heap is
#     placed in the first 4GB address space. The Java Heap base address is the
#     maximum limit for the native heap growth. Please use -XX:HeapBaseMinAddress
#     to set the Java Heap base and to place the Java Heap above 4GB virtual address.
# This output file may be truncated or incomplete.
#
#  Out of Memory Error (allocation.cpp:389), pid=21828, tid=0x0000000000004fbc
#
# JRE version: OpenJDK Runtime Environment (8.0_202-b03) (build 1.8.0_202-release-1483-b03)
# Java VM: OpenJDK 64-Bit Server VM (25.202-b03 mixed mode windows-amd64 compressed oops)
# Failed to write core dump. Minidumps are not enabled by default on client versions of Windows
#

---------------  T H R E A D  ---------------

Current thread (0x0000000016506800):  JavaThread "C2 CompilerThread1" daemon [_thread_in_native, id=20412, stack(0x0000000017f10000,0x0000000018010000)]

Stack: [0x0000000017f10000,0x0000000018010000]
[error occurred during error reporting (printing stack bounds), id 0xc0000005]

Native frames: (J=compiled Java code, j=interpreted, Vv=VM code, C=native code)


Current CompileTask:
C2:  21080 2016       4       org.codehaus.groovy.reflection.CachedMethod::compareTo (25 bytes)


---------------  P R O C E S S  ---------------

Java Threads: ( => current thread )
  0x000000001958d000 JavaThread "Cache worker for file hash cache (E:\AndroidProjects\lab02\.gradle\5.4.1\fileHashes)" [_thread_blocked, id=6464, stack(0x000000001e000000,0x000000001e100000)]
  0x000000001958c800 JavaThread "Cache worker for journal cache (C:\Users\寮蹇濡瑰\.gradle\wrapper\dists\gradle-5.4.1-all\caches\journal-1)" [_thread_blocked, id=15624, stack(0x000000001ad90000,0x000000001ae90000)]
  0x000000001958f000 JavaThread "File lock request listener" [_thread_in_native, id=11556, stack(0x000000001ac90000,0x000000001ad90000)]
  0x0000000019589800 JavaThread "Cache worker for file hash cache (C:\Users\寮蹇濡瑰\.gradle\wrapper\dists\gradle-5.4.1-all\caches\5.4.1\fileHashes)" [_thread_blocked, id=636, stack(0x000000001a990000,0x000000001aa90000)]
  0x0000000018669000 JavaThread "Thread-9" [_thread_blocked, id=12396, stack(0x000000001a890000,0x000000001a990000)]
  0x000000001867e000 JavaThread "Stdin handler" [_thread_blocked, id=22496, stack(0x000000001a790000,0x000000001a890000)]
  0x000000001867d800 JavaThread "Asynchronous log dispatcher for DefaultDaemonConnection: socket connection from /127.0.0.1:64029 to /127.0.0.1:64030" [_thread_blocked, id=18908, stack(0x000000001a690000,0x000000001a790000)]
  0x000000001867c000 JavaThread "Daemon worker" [_thread_in_native, id=9760, stack(0x000000001a590000,0x000000001a690000)]
  0x0000000017adb800 JavaThread "Cancel handler" [_thread_blocked, id=17204, stack(0x000000001a490000,0x000000001a590000)]
  0x0000000019724000 JavaThread "Handler for socket connection from /127.0.0.1:64029 to /127.0.0.1:64030" [_thread_in_native, id=13452, stack(0x000000001a190000,0x000000001a290000)]
  0x0000000019723800 JavaThread "Daemon" [_thread_blocked, id=19172, stack(0x000000001a090000,0x000000001a190000)]
  0x00000000188ea000 JavaThread "Daemon periodic checks" [_thread_blocked, id=20596, stack(0x0000000019f90000,0x000000001a090000)]
  0x0000000017a4f800 JavaThread "Incoming local TCP Connector on port 64029" [_thread_in_native, id=18488, stack(0x0000000019de0000,0x0000000019ee0000)]
  0x000000001934e800 JavaThread "Daemon health stats" [_thread_blocked, id=18468, stack(0x0000000019ae0000,0x0000000019be0000)]
  0x000000001789b800 JavaThread "Service Thread" daemon [_thread_blocked, id=19692, stack(0x0000000018110000,0x0000000018210000)]
  0x000000001650b800 JavaThread "C1 CompilerThread2" daemon [_thread_blocked, id=20284, stack(0x0000000018010000,0x0000000018110000)]
=>0x0000000016506800 JavaThread "C2 CompilerThread1" daemon [_thread_in_native, id=20412, stack(0x0000000017f10000,0x0000000018010000)]
  0x0000000017829000 JavaThread "C2 CompilerThread0" daemon [_thread_blocked, id=15036, stack(0x0000000017e10000,0x0000000017f10000)]
  0x00000000164be000 JavaThread "Attach Listener" daemon [_thread_blocked, id=16672, stack(0x0000000017d10000,0x0000000017e10000)]
  0x00000000164a6000 JavaThread "Signal Dispatcher" daemon [_thread_blocked, id=12536, stack(0x0000000017c10000,0x0000000017d10000)]
  0x0000000002759800 JavaThread "Finalizer" daemon [_thread_blocked, id=9608, stack(0x0000000017710000,0x0000000017810000)]
  0x0000000002751000 JavaThread "Reference Handler" daemon [_thread_blocked, id=20656, stack(0x0000000017610000,0x0000000017710000)]
  0x00000000027ce000 JavaThread "main" [_thread_blocked, id=5436, stack(0x0000000000d70000,0x0000000000e70000)]

Other Threads:
  0x0000000016476800 VMThread [stack: 0x0000000017510000,0x0000000017610000] [id=4944]
  0x000000001789c000 WatcherThread [stack: 0x0000000018210000,0x0000000018310000] [id=21204]

VM state:not at safepoint (normal execution)

VM Mutex/Monitor currently owned by a thread: None

heap address: 0x00000000a0000000, size: 1536 MB, Compressed Oops mode: 32-bit
Narrow klass base: 0x0000000000000000, Narrow klass shift: 3
Compressed class space size: 1073741824 Address: 0x0000000100000000

Heap:
 PSYoungGen      total 72192K, used 21542K [0x00000000e0000000, 0x00000000e9000000, 0x0000000100000000)
  eden space 64512K, 33% used [0x00000000e0000000,0x00000000e1509988,0x00000000e3f00000)
  from space 7680K, 0% used [0x00000000e3f00000,0x00000000e3f00000,0x00000000e4680000)
  to   space 9216K, 0% used [0x00000000e8700000,0x00000000e8700000,0x00000000e9000000)
 ParOldGen       total 39936K, used 12987K [0x00000000a0000000, 0x00000000a2700000, 0x00000000e0000000)
  object space 39936K, 32% used [0x00000000a0000000,0x00000000a0caef50,0x00000000a2700000)
 Metaspace       used 24797K, capacity 25304K, committed 25472K, reserved 1071104K
  class space    used 3449K, capacity 3607K, committed 3712K, reserved 1048576K

Card table byte_map: [0x0000000011f00000,0x0000000012210000] byte_map_base: 0x0000000011a00000

Marking Bits: (ParMarkBitMap*) 0x0000000064b29f30
 Begin Bits: [0x0000000012810000, 0x0000000014010000)
 End Bits:   [0x0000000014010000, 0x0000000015810000)

Polling page: 0x0000000000950000

CodeCache: size=245760Kb used=6414Kb max_used=6418Kb free=239345Kb
 bounds [0x0000000002b40000, 0x0000000003190000, 0x0000000011b40000]
 total_blobs=2337 nmethods=1908 adapters=342
 compilation: enabled

Compilation events (10 events):
Event: 20.882 Thread 0x000000001650b800 nmethod 2015 0x000000000316a290 code [0x000000000316a420, 0x000000000316a7e8]
Event: 20.882 Thread 0x0000000016506800 2016       4       org.codehaus.groovy.reflection.CachedMethod::compareTo (25 bytes)
Event: 20.883 Thread 0x000000001650b800 2017       3       org.codehaus.groovy.util.FastArray::<init> (16 bytes)
Event: 20.883 Thread 0x000000001650b800 nmethod 2017 0x0000000003169e50 code [0x0000000003169fc0, 0x000000000316a190]
Event: 20.884 Thread 0x000000001650b800 2018       3       org.codehaus.groovy.util.FastArray::copy (31 bytes)
Event: 20.884 Thread 0x000000001650b800 nmethod 2018 0x0000000003166f10 code [0x00000000031670a0, 0x0000000003167468]
Event: 20.884 Thread 0x000000001650b800 2019       3       groovy.lang.MetaClassImpl$2::methodNameAction (169 bytes)
Event: 20.886 Thread 0x000000001650b800 nmethod 2019 0x0000000003165190 code [0x0000000003165400, 0x0000000003166888]
Event: 20.886 Thread 0x000000001650b800 2020       3       groovy.lang.MetaClassImpl$1MOPIter::processFastArray (133 bytes)
Event: 20.888 Thread 0x000000001650b800 nmethod 2020 0x000000000316d250 code [0x000000000316d460, 0x000000000316df98]

GC Heap History (10 events):
Event: 14.813 GC heap before
{Heap before GC invocations=4 (full 0):
 PSYoungGen      total 18944K, used 18920K [0x00000000e0000000, 0x00000000e2500000, 0x0000000100000000)
  eden space 16384K, 100% used [0x00000000e0000000,0x00000000e1000000,0x00000000e1000000)
  from space 2560K, 99% used [0x00000000e1000000,0x00000000e127a020,0x00000000e1280000)
  to   space 2560K, 0% used [0x00000000e2280000,0x00000000e2280000,0x00000000e2500000)
 ParOldGen       total 44032K, used 1982K [0x00000000a0000000, 0x00000000a2b00000, 0x00000000e0000000)
  object space 44032K, 4% used [0x00000000a0000000,0x00000000a01ef9f8,0x00000000a2b00000)
 Metaspace       used 10771K, capacity 11056K, committed 11264K, reserved 1058816K
  class space    used 1415K, capacity 1490K, committed 1536K, reserved 1048576K
Event: 14.839 GC heap after
Heap after GC invocations=4 (full 0):
 PSYoungGen      total 35328K, used 2552K [0x00000000e0000000, 0x00000000e2500000, 0x0000000100000000)
  eden space 32768K, 0% used [0x00000000e0000000,0x00000000e0000000,0x00000000e2000000)
  from space 2560K, 99% used [0x00000000e2280000,0x00000000e24fe030,0x00000000e2500000)
  to   space 2560K, 0% used [0x00000000e2000000,0x00000000e2000000,0x00000000e2280000)
 ParOldGen       total 44032K, used 4334K [0x00000000a0000000, 0x00000000a2b00000, 0x00000000e0000000)
  object space 44032K, 9% used [0x00000000a0000000,0x00000000a043b800,0x00000000a2b00000)
 Metaspace       used 10771K, capacity 11056K, committed 11264K, reserved 1058816K
  class space    used 1415K, capacity 1490K, committed 1536K, reserved 1048576K
}
Event: 16.351 GC heap before
{Heap before GC invocations=5 (full 0):
 PSYoungGen      total 35328K, used 35320K [0x00000000e0000000, 0x00000000e2500000, 0x0000000100000000)
  eden space 32768K, 100% used [0x00000000e0000000,0x00000000e2000000,0x00000000e2000000)
  from space 2560K, 99% used [0x00000000e2280000,0x00000000e24fe030,0x00000000e2500000)
  to   space 2560K, 0% used [0x00000000e2000000,0x00000000e2000000,0x00000000e2280000)
 ParOldGen       total 44032K, used 4334K [0x00000000a0000000, 0x00000000a2b00000, 0x00000000e0000000)
  object space 44032K, 9% used [0x00000000a0000000,0x00000000a043b800,0x00000000a2b00000)
 Metaspace       used 14283K, capacity 14670K, committed 14976K, reserved 1062912K
  class space    used 1979K, capacity 2099K, committed 2176K, reserved 1048576K
Event: 16.366 GC heap after
Heap after GC invocations=5 (full 0):
 PSYoungGen      total 35328K, used 2552K [0x00000000e0000000, 0x00000000e4d00000, 0x0000000100000000)
  eden space 32768K, 0% used [0x00000000e0000000,0x00000000e0000000,0x00000000e2000000)
  from space 2560K, 99% used [0x00000000e2000000,0x00000000e227e030,0x00000000e2280000)
  to   space 6656K, 0% used [0x00000000e4680000,0x00000000e4680000,0x00000000e4d00000)
 ParOldGen       total 44032K, used 8154K [0x00000000a0000000, 0x00000000a2b00000, 0x00000000e0000000)
  object space 44032K, 18% used [0x00000000a0000000,0x00000000a07f6910,0x00000000a2b00000)
 Metaspace       used 14283K, capacity 14670K, committed 14976K, reserved 1062912K
  class space    used 1979K, capacity 2099K, committed 2176K, reserved 1048576K
}
Event: 18.100 GC heap before
{Heap before GC invocations=6 (full 0):
 PSYoungGen      total 35328K, used 35320K [0x00000000e0000000, 0x00000000e4d00000, 0x0000000100000000)
  eden space 32768K, 100% used [0x00000000e0000000,0x00000000e2000000,0x00000000e2000000)
  from space 2560K, 99% used [0x00000000e2000000,0x00000000e227e030,0x00000000e2280000)
  to   space 6656K, 0% used [0x00000000e4680000,0x00000000e4680000,0x00000000e4d00000)
 ParOldGen       total 44032K, used 8154K [0x00000000a0000000, 0x00000000a2b00000, 0x00000000e0000000)
  object space 44032K, 18% used [0x00000000a0000000,0x00000000a07f6910,0x00000000a2b00000)
 Metaspace       used 16891K, capacity 17372K, committed 17408K, reserved 1064960K
  class space    used 2422K, capacity 2556K, committed 2560K, reserved 1048576K
Event: 18.110 GC heap after
Heap after GC invocations=6 (full 0):
 PSYoungGen      total 71168K, used 6254K [0x00000000e0000000, 0x00000000e4f00000, 0x0000000100000000)
  eden space 64512K, 0% used [0x00000000e0000000,0x00000000e0000000,0x00000000e3f00000)
  from space 6656K, 93% used [0x00000000e4680000,0x00000000e4c9bb10,0x00000000e4d00000)
  to   space 7680K, 0% used [0x00000000e3f00000,0x00000000e3f00000,0x00000000e4680000)
 ParOldGen       total 44032K, used 8162K [0x00000000a0000000, 0x00000000a2b00000, 0x00000000e0000000)
  object space 44032K, 18% used [0x00000000a0000000,0x00000000a07f8910,0x00000000a2b00000)
 Metaspace       used 16891K, capacity 17372K, committed 17408K, reserved 1064960K
  class space    used 2422K, capacity 2556K, committed 2560K, reserved 1048576K
}
Event: 19.534 GC heap before
{Heap before GC invocations=7 (full 0):
 PSYoungGen      total 71168K, used 41171K [0x00000000e0000000, 0x00000000e4f00000, 0x0000000100000000)
  eden space 64512K, 54% used [0x00000000e0000000,0x00000000e2219278,0x00000000e3f00000)
  from space 6656K, 93% used [0x00000000e4680000,0x00000000e4c9bb10,0x00000000e4d00000)
  to   space 7680K, 0% used [0x00000000e3f00000,0x00000000e3f00000,0x00000000e4680000)
 ParOldGen       total 44032K, used 8162K [0x00000000a0000000, 0x00000000a2b00000, 0x00000000e0000000)
  object space 44032K, 18% used [0x00000000a0000000,0x00000000a07f8910,0x00000000a2b00000)
 Metaspace       used 20655K, capacity 21162K, committed 21296K, reserved 1067008K
  class space    used 2957K, capacity 3123K, committed 3200K, reserved 1048576K
Event: 19.555 GC heap after
Heap after GC invocations=7 (full 0):
 PSYoungGen      total 72192K, used 7654K [0x00000000e0000000, 0x00000000e9000000, 0x0000000100000000)
  eden space 64512K, 0% used [0x00000000e0000000,0x00000000e0000000,0x00000000e3f00000)
  from space 7680K, 99% used [0x00000000e3f00000,0x00000000e4679bd0,0x00000000e4680000)
  to   space 9216K, 0% used [0x00000000e8700000,0x00000000e8700000,0x00000000e9000000)
 ParOldGen       total 44032K, used 9080K [0x00000000a0000000, 0x00000000a2b00000, 0x00000000e0000000)
  object space 44032K, 20% used [0x00000000a0000000,0x00000000a08de3d0,0x00000000a2b00000)
 Metaspace       used 20655K, capacity 21162K, committed 21296K, reserved 1067008K
  class space    used 2957K, capacity 3123K, committed 3200K, reserved 1048576K
}
Event: 19.555 GC heap before
{Heap before GC invocations=8 (full 1):
 PSYoungGen      total 72192K, used 7654K [0x00000000e0000000, 0x00000000e9000000, 0x0000000100000000)
  eden space 64512K, 0% used [0x00000000e0000000,0x00000000e0000000,0x00000000e3f00000)
  from space 7680K, 99% used [0x00000000e3f00000,0x00000000e4679bd0,0x00000000e4680000)
  to   space 9216K, 0% used [0x00000000e8700000,0x00000000e8700000,0x00000000e9000000)
 ParOldGen       total 44032K, used 9080K [0x00000000a0000000, 0x00000000a2b00000, 0x00000000e0000000)
  object space 44032K, 20% used [0x00000000a0000000,0x00000000a08de3d0,0x00000000a2b00000)
 Metaspace       used 20655K, capacity 21162K, committed 21296K, reserved 1067008K
  class space    used 2957K, capacity 3123K, committed 3200K, reserved 1048576K
Event: 19.702 GC heap after
Heap after GC invocations=8 (full 1):
 PSYoungGen      total 72192K, used 0K [0x00000000e0000000, 0x00000000e9000000, 0x0000000100000000)
  eden space 64512K, 0% used [0x00000000e0000000,0x00000000e0000000,0x00000000e3f00000)
  from space 7680K, 0% used [0x00000000e3f00000,0x00000000e3f00000,0x00000000e4680000)
  to   space 9216K, 0% used [0x00000000e8700000,0x00000000e8700000,0x00000000e9000000)
 ParOldGen       total 39936K, used 12987K [0x00000000a0000000, 0x00000000a2700000, 0x00000000e0000000)
  object space 39936K, 32% used [0x00000000a0000000,0x00000000a0caef50,0x00000000a2700000)
 Metaspace       used 20655K, capacity 21162K, committed 21296K, reserved 1067008K
  class space    used 2957K, capacity 3123K, committed 3200K, reserved 1048576K
}

Deoptimization events (10 events):
Event: 18.682 Thread 0x000000001867c000 Uncommon trap: reason=bimorphic action=maybe_recompile pc=0x00000000030a7024 method=java.lang.ClassLoader.getPackage(Ljava/lang/String;)Ljava/lang/Package; @ 47
Event: 18.683 Thread 0x000000001867c000 Uncommon trap: reason=unstable_if action=reinterpret pc=0x00000000030a6ab8 method=java.net.URLClassLoader.getAndVerifyPackage(Ljava/lang/String;Ljava/util/jar/Manifest;Ljava/net/URL;)Ljava/lang/Package; @ 62
Event: 18.684 Thread 0x000000001867c000 Uncommon trap: reason=bimorphic action=maybe_recompile pc=0x0000000003088fb4 method=java.lang.ClassLoader.getPackage(Ljava/lang/String;)Ljava/lang/Package; @ 47
Event: 18.685 Thread 0x000000001867c000 Uncommon trap: reason=unstable_if action=reinterpret pc=0x00000000030889ec method=java.net.URLClassLoader.getAndVerifyPackage(Ljava/lang/String;Ljava/util/jar/Manifest;Ljava/net/URL;)Ljava/lang/Package; @ 62
Event: 20.791 Thread 0x000000001867c000 Uncommon trap: reason=class_check action=maybe_recompile pc=0x0000000002e107fc method=sun.misc.URLClassPath.getLoader(I)Lsun/misc/URLClassPath$Loader; @ 94
Event: 20.791 Thread 0x000000001867c000 Uncommon trap: reason=class_check action=maybe_recompile pc=0x0000000002e8346c method=sun.misc.URLClassPath.getResource(Ljava/lang/String;Z)Lsun/misc/Resource; @ 62
Event: 20.791 Thread 0x000000001867c000 Uncommon trap: reason=unstable_if action=reinterpret pc=0x00000000030fbdcc method=java.lang.String.regionMatches(ZILjava/lang/String;II)Z @ 41
Event: 20.808 Thread 0x000000001867c000 Uncommon trap: reason=unstable_if action=reinterpret pc=0x00000000030fa304 method=java.lang.ClassLoader.getClassLoadingLock(Ljava/lang/String;)Ljava/lang/Object; @ 6
Event: 20.816 Thread 0x000000001867c000 Uncommon trap: reason=unstable_if action=reinterpret pc=0x0000000002db35bc method=java.lang.ClassLoader.getClassLoadingLock(Ljava/lang/String;)Ljava/lang/Object; @ 6
Event: 20.889 Thread 0x000000001867c000 Uncommon trap: reason=class_check action=maybe_recompile pc=0x0000000002e108f0 method=sun.misc.URLClassPath.getLoader(I)Lsun/misc/URLClassPath$Loader; @ 239

Classes redefined (0 events):
No events

Internal exceptions (10 events):
Event: 20.829 Thread 0x000000001867c000 Exception <a 'java/security/PrivilegedActionException'> (0x00000000e11b6898) thrown at [D:\src\AOSP-openjdk-cygwin\jdk8u\hotspot\src\share\vm\prims\jvm.cpp, line 1508]
Event: 20.829 Thread 0x000000001867c000 Exception <a 'java/security/PrivilegedActionException'> (0x00000000e11b7430) thrown at [D:\src\AOSP-openjdk-cygwin\jdk8u\hotspot\src\share\vm\prims\jvm.cpp, line 1508]
Event: 20.830 Thread 0x000000001867c000 Exception <a 'java/security/PrivilegedActionException'> (0x00000000e11c1178) thrown at [D:\src\AOSP-openjdk-cygwin\jdk8u\hotspot\src\share\vm\prims\jvm.cpp, line 1508]
Event: 20.830 Thread 0x000000001867c000 Exception <a 'java/security/PrivilegedActionException'> (0x00000000e11c1d10) thrown at [D:\src\AOSP-openjdk-cygwin\jdk8u\hotspot\src\share\vm\prims\jvm.cpp, line 1508]
Event: 20.830 Thread 0x000000001867c000 Exception <a 'java/lang/ClassNotFoundException': groovy/lang/BindingBeanInfo> (0x00000000e11c5608) thrown at [D:\src\AOSP-openjdk-cygwin\jdk8u\hotspot\src\share\vm\classfile\systemDictionary.cpp, line 210]
Event: 20.833 Thread 0x000000001867c000 Exception <a 'java/security/PrivilegedActionException'> (0x00000000e11cc470) thrown at [D:\src\AOSP-openjdk-cygwin\jdk8u\hotspot\src\share\vm\prims\jvm.cpp, line 1508]
Event: 20.833 Thread 0x000000001867c000 Exception <a 'java/security/PrivilegedActionException'> (0x00000000e11cd008) thrown at [D:\src\AOSP-openjdk-cygwin\jdk8u\hotspot\src\share\vm\prims\jvm.cpp, line 1508]
Event: 20.834 Thread 0x000000001867c000 Exception <a 'java/security/PrivilegedActionException'> (0x00000000e11d6e20) thrown at [D:\src\AOSP-openjdk-cygwin\jdk8u\hotspot\src\share\vm\prims\jvm.cpp, line 1508]
Event: 20.834 Thread 0x000000001867c000 Exception <a 'java/security/PrivilegedActionException'> (0x00000000e11d79b8) thrown at [D:\src\AOSP-openjdk-cygwin\jdk8u\hotspot\src\share\vm\prims\jvm.cpp, line 1508]
Event: 20.834 Thread 0x000000001867c000 Exception <a 'java/lang/ClassNotFoundException': groovy/lang/BindingCustomizer> (0x00000000e11db3c8) thrown at [D:\src\AOSP-openjdk-cygwin\jdk8u\hotspot\src\share\vm\classfile\systemDictionary.cpp, line 210]

Events (10 events):
Event: 20.868 loading class org/gradle/api/file/ConfigurableFileTree done
Event: 20.869 loading class org/gradle/api/file/DirectoryTree
Event: 20.869 loading class org/gradle/api/file/DirectoryTree done
Event: 20.882 loading class groovy/lang/MetaClass
Event: 20.882 loading class groovy/lang/MetaClass done
Event: 20.882 loading class org/codehaus/groovy/runtime/callsite/CallSite
Event: 20.882 loading class org/codehaus/groovy/runtime/callsite/CallSite done
Event: 20.889 Thread 0x000000001867c000 Uncommon trap: trap_request=0xffffffde fr.pc=0x0000000002e108f0
Event: 20.889 Thread 0x000000001867c000 DEOPT PACKING pc=0x0000000002e108f0 sp=0x000000001a688680
Event: 20.889 Thread 0x000000001867c000 DEOPT UNPACKING pc=0x0000000002b8557b sp=0x000000001a688618 mode 2


Dynamic libraries:
0x00007ff6d8ee0000 - 0x00007ff6d8f11000 	E:\AndroidStudio\jre\bin\java.exe
0x00007ffac3580000 - 0x00007ffac3770000 	C:\WINDOWS\SYSTEM32\ntdll.dll
0x00007ffac29f0000 - 0x00007ffac2aa2000 	C:\WINDOWS\System32\KERNEL32.DLL
0x00007ffac0fe0000 - 0x00007ffac1285000 	C:\WINDOWS\System32\KERNELBASE.dll
0x00007ffac2710000 - 0x00007ffac27b3000 	C:\WINDOWS\System32\ADVAPI32.dll
0x00007ffac1f10000 - 0x00007ffac1fae000 	C:\WINDOWS\System32\msvcrt.dll
0x00007ffac34a0000 - 0x00007ffac3537000 	C:\WINDOWS\System32\sechost.dll
0x00007ffac32b0000 - 0x00007ffac33d0000 	C:\WINDOWS\System32\RPCRT4.dll
0x00007ffac2850000 - 0x00007ffac29e4000 	C:\WINDOWS\System32\USER32.dll
0x00007ffac13e0000 - 0x00007ffac1401000 	C:\WINDOWS\System32\win32u.dll
0x00007ffac1ee0000 - 0x00007ffac1f06000 	C:\WINDOWS\System32\GDI32.dll
0x00007ffac0560000 - 0x00007ffac06f6000 	C:\WINDOWS\System32\gdi32full.dll
0x00007ffac1590000 - 0x00007ffac162e000 	C:\WINDOWS\System32\msvcp_win.dll
0x00007ffac0ee0000 - 0x00007ffac0fda000 	C:\WINDOWS\System32\ucrtbase.dll
0x00007ffaa45b0000 - 0x00007ffaa4834000 	C:\WINDOWS\WinSxS\amd64_microsoft.windows.common-controls_6595b64144ccf1df_6.0.18362.1198_none_9e820b57e45ad92f\COMCTL32.dll
0x00007ffac2e40000 - 0x00007ffac3175000 	C:\WINDOWS\System32\combase.dll
0x00007ffac1460000 - 0x00007ffac14e0000 	C:\WINDOWS\System32\bcryptPrimitives.dll
0x00007ffac2ab0000 - 0x00007ffac2ade000 	C:\WINDOWS\System32\IMM32.DLL
0x0000000064fd0000 - 0x00000000650a2000 	E:\AndroidStudio\jre\jre\bin\msvcr100.dll
0x0000000064360000 - 0x0000000064ba6000 	E:\AndroidStudio\jre\jre\bin\server\jvm.dll
0x00007ffac3180000 - 0x00007ffac3188000 	C:\WINDOWS\System32\PSAPI.DLL
0x00007ffabffb0000 - 0x00007ffabffba000 	C:\WINDOWS\SYSTEM32\VERSION.dll
0x00007ffab71a0000 - 0x00007ffab71c4000 	C:\WINDOWS\SYSTEM32\WINMM.dll
0x00007ffab78c0000 - 0x00007ffab78c9000 	C:\WINDOWS\SYSTEM32\WSOCK32.dll
0x00007ffac3190000 - 0x00007ffac31ff000 	C:\WINDOWS\System32\WS2_32.dll
0x00007ffab7170000 - 0x00007ffab719d000 	C:\WINDOWS\SYSTEM32\WINMMBASE.dll
0x00007ffac1410000 - 0x00007ffac145a000 	C:\WINDOWS\System32\cfgmgr32.dll
0x00007ffabe1d0000 - 0x00007ffabe1df000 	E:\AndroidStudio\jre\jre\bin\verify.dll
0x00007ffab38f0000 - 0x00007ffab3919000 	E:\AndroidStudio\jre\jre\bin\java.dll
0x00007ffabdfe0000 - 0x00007ffabdff6000 	E:\AndroidStudio\jre\jre\bin\zip.dll
0x00007ffac2020000 - 0x00007ffac2707000 	C:\WINDOWS\System32\SHELL32.dll
0x00007ffac2cc0000 - 0x00007ffac2d69000 	C:\WINDOWS\System32\shcore.dll
0x00007ffac0720000 - 0x00007ffac0ea1000 	C:\WINDOWS\System32\windows.storage.dll
0x00007ffac04b0000 - 0x00007ffac04d3000 	C:\WINDOWS\System32\profapi.dll
0x00007ffac0460000 - 0x00007ffac04aa000 	C:\WINDOWS\System32\powrprof.dll
0x00007ffac0430000 - 0x00007ffac0440000 	C:\WINDOWS\System32\UMPDC.dll
0x00007ffac2dd0000 - 0x00007ffac2e22000 	C:\WINDOWS\System32\shlwapi.dll
0x00007ffac04e0000 - 0x00007ffac04f1000 	C:\WINDOWS\System32\kernel.appcore.dll
0x00007ffac0700000 - 0x00007ffac0717000 	C:\WINDOWS\System32\cryptsp.dll
0x00007ffabdfa0000 - 0x00007ffabdfba000 	E:\AndroidStudio\jre\jre\bin\net.dll
0x00007ffabfbb0000 - 0x00007ffabfc17000 	C:\WINDOWS\system32\mswsock.dll
0x00007ffaa1ea0000 - 0x00007ffaa1eb1000 	E:\AndroidStudio\jre\jre\bin\nio.dll
0x00007ffab3960000 - 0x00007ffab3986000 	C:\Users\开心妹妹\.gradle\wrapper\dists\gradle-5.4.1-all\native\29\windows-amd64\native-platform.dll
0x00007ffabde90000 - 0x00007ffabde9d000 	E:\AndroidStudio\jre\jre\bin\management.dll
0x00007ffabf720000 - 0x00007ffabf753000 	C:\WINDOWS\system32\rsaenh.dll
0x00007ffac0eb0000 - 0x00007ffac0ed6000 	C:\WINDOWS\System32\bcrypt.dll
0x00007ffac0350000 - 0x00007ffac0375000 	C:\WINDOWS\SYSTEM32\USERENV.dll
0x00007ffabfd80000 - 0x00007ffabfd8c000 	C:\WINDOWS\SYSTEM32\CRYPTBASE.dll
0x00007ffabf8c0000 - 0x00007ffabf8fa000 	C:\WINDOWS\SYSTEM32\IPHLPAPI.DLL
0x00007ffac2e30000 - 0x00007ffac2e38000 	C:\WINDOWS\System32\NSI.dll
0x00007ffab91b0000 - 0x00007ffab91c6000 	C:\WINDOWS\SYSTEM32\dhcpcsvc6.DLL
0x00007ffab94f0000 - 0x00007ffab950c000 	C:\WINDOWS\SYSTEM32\dhcpcsvc.DLL
0x00007ffabf900000 - 0x00007ffabf9cb000 	C:\WINDOWS\SYSTEM32\DNSAPI.dll

VM Arguments:
jvm_args: -Xmx1536m -Dfile.encoding=GBK -Duser.country=CN -Duser.language=zh -Duser.variant 
java_command: org.gradle.launcher.daemon.bootstrap.GradleDaemon 5.4.1
java_class_path (initial): E:\AndroidStudio\.gradle\gradle-5.4.1\lib\gradle-launcher-5.4.1.jar
Launcher Type: SUN_STANDARD

Environment Variables:
JAVA_HOME=C:\Program Files\Java\jdk1.8.0_191
CLASSPATH=.;E:\apache-tomcat-9.0.26-windows-x64\apache-tomcat-9.0.26\lib\servlet-api.jar
PATH=C:\Program Files\Java\jdk1.8.0_191\bin;C:\WINDOWS\system32;C:\WINDOWS;C:\WINDOWS\System32\Wbem;C:\Program Files\Java\jdk1.8.0_191;E:\Python;C:\Program Files\Java\jdk1.8.0_191\jre\bin;C:\Program Files\Java\jdk1.8.0_191\bin;C:\WINDOWS\System32\WindowsPowerShell\v1.0\;E:\MYSQL\mysql-8.0.20-winx64\bin;E:\AndroidStudio\.gradle\gradle-5.4.1\bin;E:\AndroidSDK\tools;E:\AndroidSDK\platform-tools;E:\VisualSVN Server\bin;E:\TortoiseSVN\bin;%MAVEN_HOME%\bin;
USERNAME=开心妹妹
OS=Windows_NT
PROCESSOR_IDENTIFIER=Intel64 Family 6 Model 142 Stepping 9, GenuineIntel



---------------  S Y S T E M  ---------------

OS: Windows 10.0 , 64 bit Build 18362 (10.0.18362.1110)

CPU:total 4 (initial active 4) (2 cores per cpu, 2 threads per core) family 6 model 142 stepping 9, cmov, cx8, fxsr, mmx, sse, sse2, sse3, ssse3, sse4.1, sse4.2, popcnt, avx, avx2, aes, clmul, erms, 3dnowpref, lzcnt, ht, tsc, tscinvbit, bmi1, bmi2, adx

Memory: 4k page, physical 4101348k(282512k free), swap 9323616k(0k free)

vm_info: OpenJDK 64-Bit Server VM (25.202-b03) for windows-amd64 JRE (1.8.0_202-release-1483-b03), built by "builder" with MS VC++ 10.0 (VS2010)

time: Mon Nov 30 19:30:46 2020
timezone: 中国标准时间
elapsed time: 21 seconds (0d 0h 0m 21s)

